Time: Mon Jul 15 2024 19:14:54 GMT+0300 (שעון ישראל (קיץ))
Message: Incorrect email or password.
Stack: undefined
---------------------------------------

Time: Mon Jul 15 2024 19:18:38 GMT+0300 (שעון ישראל (קיץ))
Message: Incorrect email or password.
Stack: undefined
---------------------------------------

Time: Mon Jul 15 2024 19:18:50 GMT+0300 (שעון ישראל (קיץ))
Message: Unknown database 'northwind2'
Stack: Error: Unknown database 'northwind2'
    at Packet.asError (C:\4578-99\2024-07-15\Secure Coding\Backend\node_modules\mysql2\lib\packets\packet.js:728:17)
    at ClientHandshake.execute (C:\4578-99\2024-07-15\Secure Coding\Backend\node_modules\mysql2\lib\commands\command.js:29:26)
    at PoolConnection.handlePacket (C:\4578-99\2024-07-15\Secure Coding\Backend\node_modules\mysql2\lib\connection.js:481:34)
    at PacketParser.onPacket (C:\4578-99\2024-07-15\Secure Coding\Backend\node_modules\mysql2\lib\connection.js:97:12)
    at PacketParser.executeStart (C:\4578-99\2024-07-15\Secure Coding\Backend\node_modules\mysql2\lib\packet_parser.js:75:16)
    at Socket.<anonymous> (C:\4578-99\2024-07-15\Secure Coding\Backend\node_modules\mysql2\lib\connection.js:104:25)
    at Socket.emit (node:events:519:28)
    at Socket.emit (node:domain:488:12)
    at addChunk (node:internal/streams/readable:559:12)
    at readableAddChunkPushByteMode (node:internal/streams/readable:510:3)
---------------------------------------

Time: Mon Jul 15 2024 19:18:55 GMT+0300 (שעון ישראל (קיץ))
Message: Unknown database 'northwind2'
Stack: Error: Unknown database 'northwind2'
    at Packet.asError (C:\4578-99\2024-07-15\Secure Coding\Backend\node_modules\mysql2\lib\packets\packet.js:728:17)
    at ClientHandshake.execute (C:\4578-99\2024-07-15\Secure Coding\Backend\node_modules\mysql2\lib\commands\command.js:29:26)
    at PoolConnection.handlePacket (C:\4578-99\2024-07-15\Secure Coding\Backend\node_modules\mysql2\lib\connection.js:481:34)
    at PacketParser.onPacket (C:\4578-99\2024-07-15\Secure Coding\Backend\node_modules\mysql2\lib\connection.js:97:12)
    at PacketParser.executeStart (C:\4578-99\2024-07-15\Secure Coding\Backend\node_modules\mysql2\lib\packet_parser.js:75:16)
    at Socket.<anonymous> (C:\4578-99\2024-07-15\Secure Coding\Backend\node_modules\mysql2\lib\connection.js:104:25)
    at Socket.emit (node:events:519:28)
    at Socket.emit (node:domain:488:12)
    at addChunk (node:internal/streams/readable:559:12)
    at readableAddChunkPushByteMode (node:internal/streams/readable:510:3)
---------------------------------------

Time: Mon Jul 15 2024 19:19:15 GMT+0300 (שעון ישראל (קיץ))
Message: getaddrinfo ENOTFOUND localhost2
Stack: Error: getaddrinfo ENOTFOUND localhost2
    at GetAddrInfoReqWrap.onlookupall [as oncomplete] (node:dns:120:26)
---------------------------------------

Time: Mon Jul 15 2024 19:19:21 GMT+0300 (שעון ישראל (קיץ))
Message: getaddrinfo ENOTFOUND localhost2
Stack: Error: getaddrinfo ENOTFOUND localhost2
    at GetAddrInfoReqWrap.onlookupall [as oncomplete] (node:dns:120:26)
---------------------------------------

Time: Mon Jul 15 2024 19:19:25 GMT+0300 (שעון ישראל (קיץ))
Message: getaddrinfo ENOTFOUND localhost2
Stack: Error: getaddrinfo ENOTFOUND localhost2
    at GetAddrInfoReqWrap.onlookupall [as oncomplete] (node:dns:120:26)
---------------------------------------

Time: Mon Jul 15 2024 19:19:31 GMT+0300 (שעון ישראל (קיץ))
Message: getaddrinfo ENOTFOUND localhost2
Stack: Error: getaddrinfo ENOTFOUND localhost2
    at GetAddrInfoReqWrap.onlookupall [as oncomplete] (node:dns:120:26)
---------------------------------------

Time: Mon Jul 15 2024 19:19:36 GMT+0300 (שעון ישראל (קיץ))
Message: getaddrinfo ENOTFOUND localhost2
Stack: Error: getaddrinfo ENOTFOUND localhost2
    at GetAddrInfoReqWrap.onlookupall [as oncomplete] (node:dns:120:26)
---------------------------------------

Time: Mon Jul 15 2024 19:52:32 GMT+0300 (שעון ישראל (קיץ))
Message: Incorrect email or password.
Stack: undefined
---------------------------------------

Time: Mon Jul 15 2024 20:37:55 GMT+0300 (שעון ישראל (קיץ))
Message: Incorrect email or password.
Stack: undefined
---------------------------------------

Time: Mon Jul 15 2024 20:43:43 GMT+0300 (שעון ישראל (קיץ))
Message: You have an error in your SQL syntax; check the manual that corresponds to your MySQL server version for the right syntax to use near '304e8d6db4772f3def166d59a997adcfa2de3ca6b000cd8294595a746faef18fce946a3dd8ef2b09' at line 1
Stack: Error: You have an error in your SQL syntax; check the manual that corresponds to your MySQL server version for the right syntax to use near '304e8d6db4772f3def166d59a997adcfa2de3ca6b000cd8294595a746faef18fce946a3dd8ef2b09' at line 1
    at Packet.asError (C:\4578-99\2024-07-15\Secure Coding\Backend\node_modules\mysql2\lib\packets\packet.js:728:17)
    at Query.execute (C:\4578-99\2024-07-15\Secure Coding\Backend\node_modules\mysql2\lib\commands\command.js:29:26)
    at PoolConnection.handlePacket (C:\4578-99\2024-07-15\Secure Coding\Backend\node_modules\mysql2\lib\connection.js:481:34)
    at PacketParser.onPacket (C:\4578-99\2024-07-15\Secure Coding\Backend\node_modules\mysql2\lib\connection.js:97:12)
    at PacketParser.executeStart (C:\4578-99\2024-07-15\Secure Coding\Backend\node_modules\mysql2\lib\packet_parser.js:75:16)
    at Socket.<anonymous> (C:\4578-99\2024-07-15\Secure Coding\Backend\node_modules\mysql2\lib\connection.js:104:25)
    at Socket.emit (node:events:519:28)
    at Socket.emit (node:domain:488:12)
    at addChunk (node:internal/streams/readable:559:12)
    at readableAddChunkPushByteMode (node:internal/streams/readable:510:3)
---------------------------------------

Time: Mon Jul 15 2024 21:04:35 GMT+0300 (שעון ישראל (קיץ))
Message: Route /favicon.ico on method GET not exist.
Stack: undefined
---------------------------------------

Time: Fri Jul 19 2024 17:28:23 GMT+0300 (שעון ישראל (קיץ))
Message: UserModel validation failed: password: Password must contain at least one lowercase letter, one uppercase letter, one special character, and be at least four characters long.
Stack: ValidationError: UserModel validation failed: password: Password must contain at least one lowercase letter, one uppercase letter, one special character, and be at least four characters long.
    at model.Document.invalidate (C:\Users\cryox\OneDrive\Desktop\final project\Backend\node_modules\mongoose\lib\document.js:3318:32)
    at C:\Users\cryox\OneDrive\Desktop\final project\Backend\node_modules\mongoose\lib\document.js:3079:17
    at C:\Users\cryox\OneDrive\Desktop\final project\Backend\node_modules\mongoose\lib\schemaType.js:1388:9
    at processTicksAndRejections (node:internal/process/task_queues:77:11)
---------------------------------------

Time: Fri Jul 19 2024 17:28:35 GMT+0300 (שעון ישראל (קיץ))
Message: UserModel validation failed: password: Password must contain at least one lowercase letter, one uppercase letter, one special character, and be at least four characters long.
Stack: ValidationError: UserModel validation failed: password: Password must contain at least one lowercase letter, one uppercase letter, one special character, and be at least four characters long.
    at model.Document.invalidate (C:\Users\cryox\OneDrive\Desktop\final project\Backend\node_modules\mongoose\lib\document.js:3318:32)
    at C:\Users\cryox\OneDrive\Desktop\final project\Backend\node_modules\mongoose\lib\document.js:3079:17
    at C:\Users\cryox\OneDrive\Desktop\final project\Backend\node_modules\mongoose\lib\schemaType.js:1388:9
    at processTicksAndRejections (node:internal/process/task_queues:77:11)
---------------------------------------

Time: Fri Jul 19 2024 17:28:54 GMT+0300 (שעון ישראל (קיץ))
Message: UserModel validation failed: password: Password must contain at least one lowercase letter, one uppercase letter, one special character, and be at least four characters long.
Stack: ValidationError: UserModel validation failed: password: Password must contain at least one lowercase letter, one uppercase letter, one special character, and be at least four characters long.
    at model.Document.invalidate (C:\Users\cryox\OneDrive\Desktop\final project\Backend\node_modules\mongoose\lib\document.js:3318:32)
    at C:\Users\cryox\OneDrive\Desktop\final project\Backend\node_modules\mongoose\lib\document.js:3079:17
    at C:\Users\cryox\OneDrive\Desktop\final project\Backend\node_modules\mongoose\lib\schemaType.js:1388:9
    at processTicksAndRejections (node:internal/process/task_queues:77:11)
---------------------------------------

Time: Fri Jul 19 2024 17:30:55 GMT+0300 (שעון ישראל (קיץ))
Message: UserModel validation failed: password: Password must contain at least one lowercase letter, one uppercase letter, one special character, and be at least four characters long.
Stack: ValidationError: UserModel validation failed: password: Password must contain at least one lowercase letter, one uppercase letter, one special character, and be at least four characters long.
    at model.Document.invalidate (C:\Users\cryox\OneDrive\Desktop\final project\Backend\node_modules\mongoose\lib\document.js:3318:32)
    at C:\Users\cryox\OneDrive\Desktop\final project\Backend\node_modules\mongoose\lib\document.js:3079:17
    at C:\Users\cryox\OneDrive\Desktop\final project\Backend\node_modules\mongoose\lib\schemaType.js:1388:9
    at processTicksAndRejections (node:internal/process/task_queues:77:11)
---------------------------------------

Time: Fri Jul 19 2024 17:31:58 GMT+0300 (שעון ישראל (קיץ))
Message: UserModel validation failed: password: Password must contain at least one lowercase letter, one uppercase letter, one special character, and be at least four characters long.
Stack: ValidationError: UserModel validation failed: password: Password must contain at least one lowercase letter, one uppercase letter, one special character, and be at least four characters long.
    at model.Document.invalidate (C:\Users\cryox\OneDrive\Desktop\final project\Backend\node_modules\mongoose\lib\document.js:3318:32)
    at C:\Users\cryox\OneDrive\Desktop\final project\Backend\node_modules\mongoose\lib\document.js:3079:17
    at C:\Users\cryox\OneDrive\Desktop\final project\Backend\node_modules\mongoose\lib\schemaType.js:1388:9
    at processTicksAndRejections (node:internal/process/task_queues:77:11)
---------------------------------------

Time: Fri Jul 19 2024 17:34:16 GMT+0300 (שעון ישראל (קיץ))
Message: UserModel validation failed: password: Password must contain at least one lowercase letter, one uppercase letter, one special character, and be at least four characters long.
Stack: ValidationError: UserModel validation failed: password: Password must contain at least one lowercase letter, one uppercase letter, one special character, and be at least four characters long.
    at model.Document.invalidate (C:\Users\cryox\OneDrive\Desktop\final project\Backend\node_modules\mongoose\lib\document.js:3318:32)
    at C:\Users\cryox\OneDrive\Desktop\final project\Backend\node_modules\mongoose\lib\document.js:3079:17
    at C:\Users\cryox\OneDrive\Desktop\final project\Backend\node_modules\mongoose\lib\schemaType.js:1388:9
    at processTicksAndRejections (node:internal/process/task_queues:77:11)
---------------------------------------

Time: Fri Jul 19 2024 17:34:31 GMT+0300 (שעון ישראל (קיץ))
Message: UserModel validation failed: password: Password must contain at least one lowercase letter, one uppercase letter, one special character, and be at least four characters long.
Stack: ValidationError: UserModel validation failed: password: Password must contain at least one lowercase letter, one uppercase letter, one special character, and be at least four characters long.
    at model.Document.invalidate (C:\Users\cryox\OneDrive\Desktop\final project\Backend\node_modules\mongoose\lib\document.js:3318:32)
    at C:\Users\cryox\OneDrive\Desktop\final project\Backend\node_modules\mongoose\lib\document.js:3079:17
    at C:\Users\cryox\OneDrive\Desktop\final project\Backend\node_modules\mongoose\lib\schemaType.js:1388:9
    at processTicksAndRejections (node:internal/process/task_queues:77:11)
---------------------------------------

Time: Fri Jul 19 2024 17:35:18 GMT+0300 (שעון ישראל (קיץ))
Message: UserModel validation failed: password: Password must contain at least one lowercase letter, one uppercase letter, one special character, and be at least four characters long.
Stack: ValidationError: UserModel validation failed: password: Password must contain at least one lowercase letter, one uppercase letter, one special character, and be at least four characters long.
    at model.Document.invalidate (C:\Users\cryox\OneDrive\Desktop\final project\Backend\node_modules\mongoose\lib\document.js:3318:32)
    at C:\Users\cryox\OneDrive\Desktop\final project\Backend\node_modules\mongoose\lib\document.js:3079:17
    at C:\Users\cryox\OneDrive\Desktop\final project\Backend\node_modules\mongoose\lib\schemaType.js:1388:9
    at processTicksAndRejections (node:internal/process/task_queues:77:11)
---------------------------------------

Time: Fri Jul 19 2024 17:36:50 GMT+0300 (שעון ישראל (קיץ))
Message: UserModel validation failed: password: Password must contain at least one lowercase letter, one uppercase letter, one special character, and be at least four characters long.
Stack: ValidationError: UserModel validation failed: password: Password must contain at least one lowercase letter, one uppercase letter, one special character, and be at least four characters long.
    at model.Document.invalidate (C:\Users\cryox\OneDrive\Desktop\final project\Backend\node_modules\mongoose\lib\document.js:3318:32)
    at C:\Users\cryox\OneDrive\Desktop\final project\Backend\node_modules\mongoose\lib\document.js:3079:17
    at C:\Users\cryox\OneDrive\Desktop\final project\Backend\node_modules\mongoose\lib\schemaType.js:1388:9
    at processTicksAndRejections (node:internal/process/task_queues:77:11)
---------------------------------------

Time: Fri Jul 19 2024 17:36:51 GMT+0300 (שעון ישראל (קיץ))
Message: UserModel validation failed: password: Password must contain at least one lowercase letter, one uppercase letter, one special character, and be at least four characters long.
Stack: ValidationError: UserModel validation failed: password: Password must contain at least one lowercase letter, one uppercase letter, one special character, and be at least four characters long.
    at model.Document.invalidate (C:\Users\cryox\OneDrive\Desktop\final project\Backend\node_modules\mongoose\lib\document.js:3318:32)
    at C:\Users\cryox\OneDrive\Desktop\final project\Backend\node_modules\mongoose\lib\document.js:3079:17
    at C:\Users\cryox\OneDrive\Desktop\final project\Backend\node_modules\mongoose\lib\schemaType.js:1388:9
    at processTicksAndRejections (node:internal/process/task_queues:77:11)
---------------------------------------

Time: Fri Jul 19 2024 18:11:09 GMT+0300 (שעון ישראל (קיץ))
Message: UserModel validation failed: password: Password must contain at least one lowercase letter, one uppercase letter, one special character, and be at least four characters long.
Stack: ValidationError: UserModel validation failed: password: Password must contain at least one lowercase letter, one uppercase letter, one special character, and be at least four characters long.
    at model.Document.invalidate (C:\Users\cryox\OneDrive\Desktop\final project\Backend\node_modules\mongoose\lib\document.js:3318:32)
    at C:\Users\cryox\OneDrive\Desktop\final project\Backend\node_modules\mongoose\lib\document.js:3079:17
    at C:\Users\cryox\OneDrive\Desktop\final project\Backend\node_modules\mongoose\lib\schemaType.js:1388:9
    at processTicksAndRejections (node:internal/process/task_queues:77:11)
---------------------------------------

Time: Fri Jul 19 2024 18:11:14 GMT+0300 (שעון ישראל (קיץ))
Message: UserModel validation failed: password: Password must contain at least one lowercase letter, one uppercase letter, one special character, and be at least four characters long.
Stack: ValidationError: UserModel validation failed: password: Password must contain at least one lowercase letter, one uppercase letter, one special character, and be at least four characters long.
    at model.Document.invalidate (C:\Users\cryox\OneDrive\Desktop\final project\Backend\node_modules\mongoose\lib\document.js:3318:32)
    at C:\Users\cryox\OneDrive\Desktop\final project\Backend\node_modules\mongoose\lib\document.js:3079:17
    at C:\Users\cryox\OneDrive\Desktop\final project\Backend\node_modules\mongoose\lib\schemaType.js:1388:9
    at processTicksAndRejections (node:internal/process/task_queues:77:11)
---------------------------------------

Time: Fri Jul 19 2024 18:12:27 GMT+0300 (שעון ישראל (קיץ))
Message: UserModel validation failed: password: Password must contain at least one lowercase letter, one uppercase letter, one special character, and be at least four characters long.
Stack: ValidationError: UserModel validation failed: password: Password must contain at least one lowercase letter, one uppercase letter, one special character, and be at least four characters long.
    at model.Document.invalidate (C:\Users\cryox\OneDrive\Desktop\final project\Backend\node_modules\mongoose\lib\document.js:3318:32)
    at C:\Users\cryox\OneDrive\Desktop\final project\Backend\node_modules\mongoose\lib\document.js:3079:17
    at C:\Users\cryox\OneDrive\Desktop\final project\Backend\node_modules\mongoose\lib\schemaType.js:1388:9
    at processTicksAndRejections (node:internal/process/task_queues:77:11)
---------------------------------------

Time: Wed Aug 07 2024 21:12:41 GMT+0300 (שעון ישראל (קיץ))
Message: Operation `users.findOne()` buffering timed out after 10000ms
Stack: MongooseError: Operation `users.findOne()` buffering timed out after 10000ms
    at Timeout.<anonymous> (C:\Users\cryox\OneDrive\Desktop\final\final-project\Backend\node_modules\mongoose\lib\drivers\node-mongodb-native\collection.js:185:23)
    at listOnTimeout (node:internal/timers:573:17)
    at processTimers (node:internal/timers:514:7)
---------------------------------------

Time: Wed Aug 07 2024 21:12:43 GMT+0300 (שעון ישראל (קיץ))
Message: Operation `users.findOne()` buffering timed out after 10000ms
Stack: MongooseError: Operation `users.findOne()` buffering timed out after 10000ms
    at Timeout.<anonymous> (C:\Users\cryox\OneDrive\Desktop\final\final-project\Backend\node_modules\mongoose\lib\drivers\node-mongodb-native\collection.js:185:23)
    at listOnTimeout (node:internal/timers:573:17)
    at processTimers (node:internal/timers:514:7)
---------------------------------------

Time: Wed Aug 07 2024 21:12:51 GMT+0300 (שעון ישראל (קיץ))
Message: Operation `users.findOne()` buffering timed out after 10000ms
Stack: MongooseError: Operation `users.findOne()` buffering timed out after 10000ms
    at Timeout.<anonymous> (C:\Users\cryox\OneDrive\Desktop\final\final-project\Backend\node_modules\mongoose\lib\drivers\node-mongodb-native\collection.js:185:23)
    at listOnTimeout (node:internal/timers:573:17)
    at processTimers (node:internal/timers:514:7)
---------------------------------------

Time: Wed Aug 07 2024 21:12:58 GMT+0300 (שעון ישראל (קיץ))
Message: Operation `users.findOne()` buffering timed out after 10000ms
Stack: MongooseError: Operation `users.findOne()` buffering timed out after 10000ms
    at Timeout.<anonymous> (C:\Users\cryox\OneDrive\Desktop\final\final-project\Backend\node_modules\mongoose\lib\drivers\node-mongodb-native\collection.js:185:23)
    at listOnTimeout (node:internal/timers:573:17)
    at processTimers (node:internal/timers:514:7)
---------------------------------------

Time: Wed Aug 07 2024 21:15:18 GMT+0300 (שעון ישראל (קיץ))
Message: Operation `users.insertOne()` buffering timed out after 10000ms
Stack: MongooseError: Operation `users.insertOne()` buffering timed out after 10000ms
    at Timeout.<anonymous> (C:\Users\cryox\OneDrive\Desktop\final\final-project\Backend\node_modules\mongoose\lib\drivers\node-mongodb-native\collection.js:185:23)
    at listOnTimeout (node:internal/timers:573:17)
    at processTimers (node:internal/timers:514:7)
---------------------------------------

Time: Wed Aug 07 2024 21:15:19 GMT+0300 (שעון ישראל (קיץ))
Message: Operation `users.insertOne()` buffering timed out after 10000ms
Stack: MongooseError: Operation `users.insertOne()` buffering timed out after 10000ms
    at Timeout.<anonymous> (C:\Users\cryox\OneDrive\Desktop\final\final-project\Backend\node_modules\mongoose\lib\drivers\node-mongodb-native\collection.js:185:23)
    at listOnTimeout (node:internal/timers:573:17)
    at processTimers (node:internal/timers:514:7)
---------------------------------------

Time: Thu Aug 08 2024 09:55:11 GMT+0300 (שעון ישראל (קיץ))
Message: GridFS Bucket is not initialized. Call connect() first.
Stack: Error: GridFS Bucket is not initialized. Call connect() first.
    at DAL.getGfsBucket (C:\Users\cryox\OneDrive\Desktop\final\final-project\Backend\src\2-utils\dal.ts:42:19)
    at C:\Users\cryox\OneDrive\Desktop\final\final-project\Backend\src\5-controllers\vacation-controller.ts:43:32
    at Generator.next (<anonymous>)
    at C:\Users\cryox\OneDrive\Desktop\final\final-project\Backend\src\5-controllers\vacation-controller.ts:8:71
    at new Promise (<anonymous>)
    at __awaiter (C:\Users\cryox\OneDrive\Desktop\final\final-project\Backend\src\5-controllers\vacation-controller.ts:4:12)
    at addVacation (C:\Users\cryox\OneDrive\Desktop\final\final-project\Backend\src\5-controllers\vacation-controller.ts:50:16)
    at Layer.handle [as handle_request] (C:\Users\cryox\OneDrive\Desktop\final\final-project\Backend\node_modules\express\lib\router\layer.js:95:5)
    at next (C:\Users\cryox\OneDrive\Desktop\final\final-project\Backend\node_modules\express\lib\router\route.js:149:13)
    at Route.dispatch (C:\Users\cryox\OneDrive\Desktop\final\final-project\Backend\node_modules\express\lib\router\route.js:119:3)
---------------------------------------

Time: Thu Aug 08 2024 09:55:16 GMT+0300 (שעון ישראל (קיץ))
Message: GridFS Bucket is not initialized. Call connect() first.
Stack: Error: GridFS Bucket is not initialized. Call connect() first.
    at DAL.getGfsBucket (C:\Users\cryox\OneDrive\Desktop\final\final-project\Backend\src\2-utils\dal.ts:42:19)
    at C:\Users\cryox\OneDrive\Desktop\final\final-project\Backend\src\5-controllers\vacation-controller.ts:43:32
    at Generator.next (<anonymous>)
    at C:\Users\cryox\OneDrive\Desktop\final\final-project\Backend\src\5-controllers\vacation-controller.ts:8:71
    at new Promise (<anonymous>)
    at __awaiter (C:\Users\cryox\OneDrive\Desktop\final\final-project\Backend\src\5-controllers\vacation-controller.ts:4:12)
    at addVacation (C:\Users\cryox\OneDrive\Desktop\final\final-project\Backend\src\5-controllers\vacation-controller.ts:50:16)
    at Layer.handle [as handle_request] (C:\Users\cryox\OneDrive\Desktop\final\final-project\Backend\node_modules\express\lib\router\layer.js:95:5)
    at next (C:\Users\cryox\OneDrive\Desktop\final\final-project\Backend\node_modules\express\lib\router\route.js:149:13)
    at Route.dispatch (C:\Users\cryox\OneDrive\Desktop\final\final-project\Backend\node_modules\express\lib\router\route.js:119:3)
---------------------------------------

Time: Thu Aug 08 2024 09:55:48 GMT+0300 (שעון ישראל (קיץ))
Message: GridFS Bucket is not initialized. Call connect() first.
Stack: Error: GridFS Bucket is not initialized. Call connect() first.
    at DAL.getGfsBucket (C:\Users\cryox\OneDrive\Desktop\final\final-project\Backend\src\2-utils\dal.ts:42:19)
    at C:\Users\cryox\OneDrive\Desktop\final\final-project\Backend\src\5-controllers\vacation-controller.ts:43:32
    at Generator.next (<anonymous>)
    at C:\Users\cryox\OneDrive\Desktop\final\final-project\Backend\src\5-controllers\vacation-controller.ts:8:71
    at new Promise (<anonymous>)
    at __awaiter (C:\Users\cryox\OneDrive\Desktop\final\final-project\Backend\src\5-controllers\vacation-controller.ts:4:12)
    at addVacation (C:\Users\cryox\OneDrive\Desktop\final\final-project\Backend\src\5-controllers\vacation-controller.ts:50:16)
    at Layer.handle [as handle_request] (C:\Users\cryox\OneDrive\Desktop\final\final-project\Backend\node_modules\express\lib\router\layer.js:95:5)
    at next (C:\Users\cryox\OneDrive\Desktop\final\final-project\Backend\node_modules\express\lib\router\route.js:149:13)
    at Route.dispatch (C:\Users\cryox\OneDrive\Desktop\final\final-project\Backend\node_modules\express\lib\router\route.js:119:3)
---------------------------------------

Time: Thu Aug 08 2024 09:56:09 GMT+0300 (שעון ישראל (קיץ))
Message: GridFS Bucket is not initialized. Call connect() first.
Stack: Error: GridFS Bucket is not initialized. Call connect() first.
    at DAL.getGfsBucket (C:\Users\cryox\OneDrive\Desktop\final\final-project\Backend\src\2-utils\dal.ts:42:19)
    at C:\Users\cryox\OneDrive\Desktop\final\final-project\Backend\src\5-controllers\vacation-controller.ts:43:32
    at Generator.next (<anonymous>)
    at C:\Users\cryox\OneDrive\Desktop\final\final-project\Backend\src\5-controllers\vacation-controller.ts:8:71
    at new Promise (<anonymous>)
    at __awaiter (C:\Users\cryox\OneDrive\Desktop\final\final-project\Backend\src\5-controllers\vacation-controller.ts:4:12)
    at addVacation (C:\Users\cryox\OneDrive\Desktop\final\final-project\Backend\src\5-controllers\vacation-controller.ts:50:16)
    at Layer.handle [as handle_request] (C:\Users\cryox\OneDrive\Desktop\final\final-project\Backend\node_modules\express\lib\router\layer.js:95:5)
    at next (C:\Users\cryox\OneDrive\Desktop\final\final-project\Backend\node_modules\express\lib\router\route.js:149:13)
    at Route.dispatch (C:\Users\cryox\OneDrive\Desktop\final\final-project\Backend\node_modules\express\lib\router\route.js:119:3)
---------------------------------------

Time: Fri Aug 30 2024 20:26:27 GMT+0300 (שעון ישראל (קיץ))
Message: VacationModel validation failed: description: description too long., endDate: End date cannot be earlier than start date., imageUrl: Missing image.
Stack: undefined
---------------------------------------

Time: Fri Aug 30 2024 20:27:54 GMT+0300 (שעון ישראל (קיץ))
Message: VacationModel validation failed: description: description too long., endDate: End date cannot be earlier than start date., imageUrl: Missing image.
Stack: undefined
---------------------------------------

Time: Fri Aug 30 2024 20:28:17 GMT+0300 (שעון ישראל (קיץ))
Message: VacationModel validation failed: endDate: End date cannot be earlier than start date., imageUrl: Missing image.
Stack: undefined
---------------------------------------

Time: Sat Aug 31 2024 14:47:39 GMT+0300 (שעון ישראל (קיץ))
Message: Operation `vacations.find()` buffering timed out after 10000ms
Stack: MongooseError: Operation `vacations.find()` buffering timed out after 10000ms
    at Timeout.<anonymous> (C:\Users\cryox\OneDrive\Desktop\final\final-project\Backend\node_modules\mongoose\lib\drivers\node-mongodb-native\collection.js:185:23)
    at listOnTimeout (node:internal/timers:573:17)
    at processTimers (node:internal/timers:514:7)
---------------------------------------

Time: Sat Aug 31 2024 14:47:49 GMT+0300 (שעון ישראל (קיץ))
Message: Operation `vacations.find()` buffering timed out after 10000ms
Stack: MongooseError: Operation `vacations.find()` buffering timed out after 10000ms
    at Timeout.<anonymous> (C:\Users\cryox\OneDrive\Desktop\final\final-project\Backend\node_modules\mongoose\lib\drivers\node-mongodb-native\collection.js:185:23)
    at listOnTimeout (node:internal/timers:573:17)
    at processTimers (node:internal/timers:514:7)
---------------------------------------

Time: Sat Aug 31 2024 14:47:49 GMT+0300 (שעון ישראל (קיץ))
Message: Operation `users.findOne()` buffering timed out after 10000ms
Stack: MongooseError: Operation `users.findOne()` buffering timed out after 10000ms
    at Timeout.<anonymous> (C:\Users\cryox\OneDrive\Desktop\final\final-project\Backend\node_modules\mongoose\lib\drivers\node-mongodb-native\collection.js:185:23)
    at listOnTimeout (node:internal/timers:573:17)
    at processTimers (node:internal/timers:514:7)
---------------------------------------

Time: Sat Aug 31 2024 14:47:52 GMT+0300 (שעון ישראל (קיץ))
Message: Operation `users.findOne()` buffering timed out after 10000ms
Stack: MongooseError: Operation `users.findOne()` buffering timed out after 10000ms
    at Timeout.<anonymous> (C:\Users\cryox\OneDrive\Desktop\final\final-project\Backend\node_modules\mongoose\lib\drivers\node-mongodb-native\collection.js:185:23)
    at listOnTimeout (node:internal/timers:573:17)
    at processTimers (node:internal/timers:514:7)
---------------------------------------

Time: Sat Aug 31 2024 14:47:53 GMT+0300 (שעון ישראל (קיץ))
Message: Operation `users.findOne()` buffering timed out after 10000ms
Stack: MongooseError: Operation `users.findOne()` buffering timed out after 10000ms
    at Timeout.<anonymous> (C:\Users\cryox\OneDrive\Desktop\final\final-project\Backend\node_modules\mongoose\lib\drivers\node-mongodb-native\collection.js:185:23)
    at listOnTimeout (node:internal/timers:573:17)
    at processTimers (node:internal/timers:514:7)
---------------------------------------

Time: Sat Aug 31 2024 14:49:35 GMT+0300 (שעון ישראל (קיץ))
Message: Operation `users.findOne()` buffering timed out after 10000ms
Stack: MongooseError: Operation `users.findOne()` buffering timed out after 10000ms
    at Timeout.<anonymous> (C:\Users\cryox\OneDrive\Desktop\final\final-project\Backend\node_modules\mongoose\lib\drivers\node-mongodb-native\collection.js:185:23)
    at listOnTimeout (node:internal/timers:573:17)
    at processTimers (node:internal/timers:514:7)
---------------------------------------

Time: Sat Aug 31 2024 14:50:26 GMT+0300 (שעון ישראל (קיץ))
Message: Operation `vacations.find()` buffering timed out after 10000ms
Stack: MongooseError: Operation `vacations.find()` buffering timed out after 10000ms
    at Timeout.<anonymous> (C:\Users\cryox\OneDrive\Desktop\final\final-project\Backend\node_modules\mongoose\lib\drivers\node-mongodb-native\collection.js:185:23)
    at listOnTimeout (node:internal/timers:573:17)
    at processTimers (node:internal/timers:514:7)
---------------------------------------

Time: Sat Aug 31 2024 15:02:55 GMT+0300 (שעון ישראל (קיץ))
Message: Operation `vacations.find()` buffering timed out after 10000ms
Stack: MongooseError: Operation `vacations.find()` buffering timed out after 10000ms
    at Timeout.<anonymous> (C:\Users\cryox\OneDrive\Desktop\final\final-project\Backend\node_modules\mongoose\lib\drivers\node-mongodb-native\collection.js:185:23)
    at listOnTimeout (node:internal/timers:573:17)
    at processTimers (node:internal/timers:514:7)
---------------------------------------

Time: Sat Aug 31 2024 15:15:19 GMT+0300 (שעון ישראל (קיץ))
Message: Operation `vacations.find()` buffering timed out after 10000ms
Stack: MongooseError: Operation `vacations.find()` buffering timed out after 10000ms
    at Timeout.<anonymous> (C:\Users\cryox\OneDrive\Desktop\final\final-project\Backend\node_modules\mongoose\lib\drivers\node-mongodb-native\collection.js:185:23)
    at listOnTimeout (node:internal/timers:573:17)
    at processTimers (node:internal/timers:514:7)
---------------------------------------

Time: Sat Aug 31 2024 15:15:29 GMT+0300 (שעון ישראל (קיץ))
Message: Operation `vacations.find()` buffering timed out after 10000ms
Stack: MongooseError: Operation `vacations.find()` buffering timed out after 10000ms
    at Timeout.<anonymous> (C:\Users\cryox\OneDrive\Desktop\final\final-project\Backend\node_modules\mongoose\lib\drivers\node-mongodb-native\collection.js:185:23)
    at listOnTimeout (node:internal/timers:573:17)
    at processTimers (node:internal/timers:514:7)
---------------------------------------

Time: Sat Aug 31 2024 15:19:01 GMT+0300 (שעון ישראל (קיץ))
Message: Operation `vacations.find()` buffering timed out after 10000ms
Stack: MongooseError: Operation `vacations.find()` buffering timed out after 10000ms
    at Timeout.<anonymous> (C:\Users\cryox\OneDrive\Desktop\final\final-project\Backend\node_modules\mongoose\lib\drivers\node-mongodb-native\collection.js:185:23)
    at listOnTimeout (node:internal/timers:573:17)
    at processTimers (node:internal/timers:514:7)
---------------------------------------

